[2025-11-23T01:41:46.089+0000] {local_task_job_runner.py:120} INFO - ::group::Pre task execution logs
[2025-11-23T01:41:46.108+0000] {taskinstance.py:2076} INFO - Dependencies all met for dep_context=non-requeueable deps ti=<TaskInstance: dbt_ecommerce_pipeline.dbt_deps manual__2025-11-23T01:41:40.654920+00:00 [queued]>
[2025-11-23T01:41:46.112+0000] {taskinstance.py:2076} INFO - Dependencies all met for dep_context=requeueable deps ti=<TaskInstance: dbt_ecommerce_pipeline.dbt_deps manual__2025-11-23T01:41:40.654920+00:00 [queued]>
[2025-11-23T01:41:46.113+0000] {taskinstance.py:2306} INFO - Starting attempt 1 of 2
[2025-11-23T01:41:46.123+0000] {taskinstance.py:2330} INFO - Executing <Task(BashOperator): dbt_deps> on 2025-11-23 01:41:40.654920+00:00
[2025-11-23T01:41:46.128+0000] {standard_task_runner.py:63} INFO - Started process 144 to run task
[2025-11-23T01:41:46.132+0000] {standard_task_runner.py:90} INFO - Running: ['airflow', 'tasks', 'run', 'dbt_ecommerce_pipeline', 'dbt_deps', 'manual__2025-11-23T01:41:40.654920+00:00', '--job-id', '6', '--raw', '--subdir', 'DAGS_FOLDER/dbt_ecommerce_dag.py', '--cfg-path', '/tmp/tmpftcw0xbg']
[2025-11-23T01:41:46.133+0000] {standard_task_runner.py:91} INFO - Job 6: Subtask dbt_deps
[2025-11-23T01:41:46.178+0000] {task_command.py:426} INFO - Running <TaskInstance: dbt_ecommerce_pipeline.dbt_deps manual__2025-11-23T01:41:40.654920+00:00 [running]> on host f563a2ce8423
[2025-11-23T01:41:46.231+0000] {taskinstance.py:2648} INFO - Exporting env vars: AIRFLOW_CTX_DAG_OWNER='airflow' AIRFLOW_CTX_DAG_ID='dbt_ecommerce_pipeline' AIRFLOW_CTX_TASK_ID='dbt_deps' AIRFLOW_CTX_EXECUTION_DATE='2025-11-23T01:41:40.654920+00:00' AIRFLOW_CTX_TRY_NUMBER='1' AIRFLOW_CTX_DAG_RUN_ID='manual__2025-11-23T01:41:40.654920+00:00'
[2025-11-23T01:41:46.232+0000] {taskinstance.py:430} INFO - ::endgroup::
[2025-11-23T01:41:46.246+0000] {subprocess.py:63} INFO - Tmp dir root location: /tmp
[2025-11-23T01:41:46.247+0000] {subprocess.py:75} INFO - Running command: ['/usr/bin/bash', '-c', 'dbt deps --project-dir /opt/airflow/dbt_project/ecommerce_dbt --profiles-dir /opt/airflow/dbt_project/ecommerce_dbt']
[2025-11-23T01:41:46.256+0000] {subprocess.py:86} INFO - Output:
[2025-11-23T01:41:48.119+0000] {subprocess.py:93} INFO - Traceback (most recent call last):
[2025-11-23T01:41:48.119+0000] {subprocess.py:93} INFO -   File "/home/airflow/.local/bin/dbt", line 5, in <module>
[2025-11-23T01:41:48.120+0000] {subprocess.py:93} INFO -     from dbt.cli.main import cli
[2025-11-23T01:41:48.120+0000] {subprocess.py:93} INFO -   File "/home/airflow/.local/lib/python3.12/site-packages/dbt/cli/__init__.py", line 1, in <module>
[2025-11-23T01:41:48.120+0000] {subprocess.py:93} INFO -     from .main import cli as dbt_cli  # noqa
[2025-11-23T01:41:48.121+0000] {subprocess.py:93} INFO -     ^^^^^^^^^^^^^^^^^^^^^^^^^^^^^^^^
[2025-11-23T01:41:48.121+0000] {subprocess.py:93} INFO -   File "/home/airflow/.local/lib/python3.12/site-packages/dbt/cli/main.py", line 14, in <module>
[2025-11-23T01:41:48.121+0000] {subprocess.py:93} INFO -     from dbt.cli import params as p
[2025-11-23T01:41:48.122+0000] {subprocess.py:93} INFO -   File "/home/airflow/.local/lib/python3.12/site-packages/dbt/cli/params.py", line 13, in <module>
[2025-11-23T01:41:48.122+0000] {subprocess.py:93} INFO -     from dbt.cli.options import MultiOption
[2025-11-23T01:41:48.122+0000] {subprocess.py:93} INFO -   File "/home/airflow/.local/lib/python3.12/site-packages/dbt/cli/options.py", line 6, in <module>
[2025-11-23T01:41:48.122+0000] {subprocess.py:93} INFO -     from click.parser import _OptionParser, _ParsingState
[2025-11-23T01:41:48.123+0000] {subprocess.py:93} INFO - ImportError: cannot import name '_OptionParser' from 'click.parser' (/home/airflow/.local/lib/python3.12/site-packages/click/parser.py). Did you mean: 'OptionParser'?
[2025-11-23T01:41:48.204+0000] {subprocess.py:97} INFO - Command exited with return code 1
[2025-11-23T01:41:48.205+0000] {taskinstance.py:441} INFO - ::group::Post task execution logs
[2025-11-23T01:41:48.211+0000] {taskinstance.py:2905} ERROR - Task failed with exception
Traceback (most recent call last):
  File "/home/airflow/.local/lib/python3.12/site-packages/airflow/models/taskinstance.py", line 465, in _execute_task
    result = _execute_callable(context=context, **execute_callable_kwargs)
             ^^^^^^^^^^^^^^^^^^^^^^^^^^^^^^^^^^^^^^^^^^^^^^^^^^^^^^^^^^^^^
  File "/home/airflow/.local/lib/python3.12/site-packages/airflow/models/taskinstance.py", line 432, in _execute_callable
    return execute_callable(context=context, **execute_callable_kwargs)
           ^^^^^^^^^^^^^^^^^^^^^^^^^^^^^^^^^^^^^^^^^^^^^^^^^^^^^^^^^^^^
  File "/home/airflow/.local/lib/python3.12/site-packages/airflow/models/baseoperator.py", line 400, in wrapper
    return func(self, *args, **kwargs)
           ^^^^^^^^^^^^^^^^^^^^^^^^^^^
  File "/home/airflow/.local/lib/python3.12/site-packages/airflow/operators/bash.py", line 243, in execute
    raise AirflowException(
airflow.exceptions.AirflowException: Bash command failed. The command returned a non-zero exit code 1.
[2025-11-23T01:41:48.214+0000] {taskinstance.py:1206} INFO - Marking task as UP_FOR_RETRY. dag_id=dbt_ecommerce_pipeline, task_id=dbt_deps, run_id=manual__2025-11-23T01:41:40.654920+00:00, execution_date=20251123T014140, start_date=20251123T014146, end_date=20251123T014148
[2025-11-23T01:41:48.224+0000] {standard_task_runner.py:110} ERROR - Failed to execute job 6 for task dbt_deps (Bash command failed. The command returned a non-zero exit code 1.; 144)
[2025-11-23T01:41:48.269+0000] {local_task_job_runner.py:240} INFO - Task exited with return code 1
[2025-11-23T01:41:48.285+0000] {taskinstance.py:3498} INFO - 0 downstream tasks scheduled from follow-on schedule check
[2025-11-23T01:41:48.286+0000] {local_task_job_runner.py:222} INFO - ::endgroup::
