[2025-11-23T02:26:21.887+0000] {local_task_job_runner.py:120} INFO - ::group::Pre task execution logs
[2025-11-23T02:26:21.914+0000] {taskinstance.py:2076} INFO - Dependencies all met for dep_context=non-requeueable deps ti=<TaskInstance: dbt_ecommerce_pipeline.dbt_deps scheduled__2025-11-22T00:00:00+00:00 [queued]>
[2025-11-23T02:26:21.918+0000] {taskinstance.py:2076} INFO - Dependencies all met for dep_context=requeueable deps ti=<TaskInstance: dbt_ecommerce_pipeline.dbt_deps scheduled__2025-11-22T00:00:00+00:00 [queued]>
[2025-11-23T02:26:21.919+0000] {taskinstance.py:2306} INFO - Starting attempt 5 of 6
[2025-11-23T02:26:21.929+0000] {taskinstance.py:2330} INFO - Executing <Task(BashOperator): dbt_deps> on 2025-11-22 00:00:00+00:00
[2025-11-23T02:26:21.935+0000] {standard_task_runner.py:63} INFO - Started process 692 to run task
[2025-11-23T02:26:21.938+0000] {standard_task_runner.py:90} INFO - Running: ['airflow', 'tasks', 'run', 'dbt_ecommerce_pipeline', 'dbt_deps', 'scheduled__2025-11-22T00:00:00+00:00', '--job-id', '11', '--raw', '--subdir', 'DAGS_FOLDER/dbt_ecommerce_dag.py', '--cfg-path', '/tmp/tmplqdwq4vv']
[2025-11-23T02:26:21.940+0000] {standard_task_runner.py:91} INFO - Job 11: Subtask dbt_deps
[2025-11-23T02:26:21.987+0000] {task_command.py:426} INFO - Running <TaskInstance: dbt_ecommerce_pipeline.dbt_deps scheduled__2025-11-22T00:00:00+00:00 [running]> on host f563a2ce8423
[2025-11-23T02:26:22.041+0000] {taskinstance.py:2648} INFO - Exporting env vars: AIRFLOW_CTX_DAG_OWNER='airflow' AIRFLOW_CTX_DAG_ID='dbt_ecommerce_pipeline' AIRFLOW_CTX_TASK_ID='dbt_deps' AIRFLOW_CTX_EXECUTION_DATE='2025-11-22T00:00:00+00:00' AIRFLOW_CTX_TRY_NUMBER='5' AIRFLOW_CTX_DAG_RUN_ID='scheduled__2025-11-22T00:00:00+00:00'
[2025-11-23T02:26:22.041+0000] {taskinstance.py:430} INFO - ::endgroup::
[2025-11-23T02:26:22.061+0000] {subprocess.py:63} INFO - Tmp dir root location: /tmp
[2025-11-23T02:26:22.062+0000] {subprocess.py:75} INFO - Running command: ['/usr/bin/bash', '-c', '\n    rm -rf /tmp/dbt_runtime &&     mkdir -p /tmp/dbt_runtime /tmp/dbt_logs /tmp/dbt_packages &&     cp -r /opt/airflow/dbt_project/ecommerce_dbt /tmp/dbt_runtime/ecommerce_dbt &&     cd /tmp/dbt_runtime/ecommerce_dbt &&     dbt deps       --project-dir /tmp/dbt_runtime/ecommerce_dbt       --profiles-dir /opt/airflow/dbt_project/ecommerce_dbt       --log-path /tmp/dbt_logs       --packages-install-path /tmp/dbt_packages\n    ']
[2025-11-23T02:26:22.071+0000] {subprocess.py:86} INFO - Output:
[2025-11-23T02:26:24.603+0000] {subprocess.py:93} INFO - Usage: dbt deps [OPTIONS]
[2025-11-23T02:26:24.603+0000] {subprocess.py:93} INFO - Try 'dbt deps -h' for help.
[2025-11-23T02:26:24.604+0000] {subprocess.py:93} INFO - 
[2025-11-23T02:26:24.604+0000] {subprocess.py:93} INFO - Error: No such option: --packages-install-path
[2025-11-23T02:26:24.700+0000] {subprocess.py:97} INFO - Command exited with return code 2
[2025-11-23T02:26:24.701+0000] {taskinstance.py:441} INFO - ::group::Post task execution logs
[2025-11-23T02:26:24.707+0000] {taskinstance.py:2905} ERROR - Task failed with exception
Traceback (most recent call last):
  File "/home/airflow/.local/lib/python3.12/site-packages/airflow/models/taskinstance.py", line 465, in _execute_task
    result = _execute_callable(context=context, **execute_callable_kwargs)
             ^^^^^^^^^^^^^^^^^^^^^^^^^^^^^^^^^^^^^^^^^^^^^^^^^^^^^^^^^^^^^
  File "/home/airflow/.local/lib/python3.12/site-packages/airflow/models/taskinstance.py", line 432, in _execute_callable
    return execute_callable(context=context, **execute_callable_kwargs)
           ^^^^^^^^^^^^^^^^^^^^^^^^^^^^^^^^^^^^^^^^^^^^^^^^^^^^^^^^^^^^
  File "/home/airflow/.local/lib/python3.12/site-packages/airflow/models/baseoperator.py", line 400, in wrapper
    return func(self, *args, **kwargs)
           ^^^^^^^^^^^^^^^^^^^^^^^^^^^
  File "/home/airflow/.local/lib/python3.12/site-packages/airflow/operators/bash.py", line 243, in execute
    raise AirflowException(
airflow.exceptions.AirflowException: Bash command failed. The command returned a non-zero exit code 2.
[2025-11-23T02:26:24.712+0000] {taskinstance.py:1206} INFO - Marking task as UP_FOR_RETRY. dag_id=dbt_ecommerce_pipeline, task_id=dbt_deps, run_id=scheduled__2025-11-22T00:00:00+00:00, execution_date=20251122T000000, start_date=20251123T022621, end_date=20251123T022624
[2025-11-23T02:26:24.722+0000] {standard_task_runner.py:110} ERROR - Failed to execute job 11 for task dbt_deps (Bash command failed. The command returned a non-zero exit code 2.; 692)
[2025-11-23T02:26:24.757+0000] {local_task_job_runner.py:240} INFO - Task exited with return code 1
[2025-11-23T02:26:24.770+0000] {taskinstance.py:3498} INFO - 0 downstream tasks scheduled from follow-on schedule check
[2025-11-23T02:26:24.771+0000] {local_task_job_runner.py:222} INFO - ::endgroup::
