[2025-11-23T01:46:45.999+0000] {local_task_job_runner.py:120} INFO - ::group::Pre task execution logs
[2025-11-23T01:46:46.017+0000] {taskinstance.py:2076} INFO - Dependencies all met for dep_context=non-requeueable deps ti=<TaskInstance: dbt_ecommerce_pipeline.dbt_deps scheduled__2025-11-22T00:00:00+00:00 [queued]>
[2025-11-23T01:46:46.022+0000] {taskinstance.py:2076} INFO - Dependencies all met for dep_context=requeueable deps ti=<TaskInstance: dbt_ecommerce_pipeline.dbt_deps scheduled__2025-11-22T00:00:00+00:00 [queued]>
[2025-11-23T01:46:46.023+0000] {taskinstance.py:2306} INFO - Starting attempt 2 of 2
[2025-11-23T01:46:46.033+0000] {taskinstance.py:2330} INFO - Executing <Task(BashOperator): dbt_deps> on 2025-11-22 00:00:00+00:00
[2025-11-23T01:46:46.038+0000] {standard_task_runner.py:63} INFO - Started process 188 to run task
[2025-11-23T01:46:46.042+0000] {standard_task_runner.py:90} INFO - Running: ['airflow', 'tasks', 'run', 'dbt_ecommerce_pipeline', 'dbt_deps', 'scheduled__2025-11-22T00:00:00+00:00', '--job-id', '7', '--raw', '--subdir', 'DAGS_FOLDER/dbt_ecommerce_dag.py', '--cfg-path', '/tmp/tmpv6lhjne2']
[2025-11-23T01:46:46.044+0000] {standard_task_runner.py:91} INFO - Job 7: Subtask dbt_deps
[2025-11-23T01:46:46.090+0000] {task_command.py:426} INFO - Running <TaskInstance: dbt_ecommerce_pipeline.dbt_deps scheduled__2025-11-22T00:00:00+00:00 [running]> on host f563a2ce8423
[2025-11-23T01:46:46.145+0000] {taskinstance.py:2648} INFO - Exporting env vars: AIRFLOW_CTX_DAG_OWNER='airflow' AIRFLOW_CTX_DAG_ID='dbt_ecommerce_pipeline' AIRFLOW_CTX_TASK_ID='dbt_deps' AIRFLOW_CTX_EXECUTION_DATE='2025-11-22T00:00:00+00:00' AIRFLOW_CTX_TRY_NUMBER='2' AIRFLOW_CTX_DAG_RUN_ID='scheduled__2025-11-22T00:00:00+00:00'
[2025-11-23T01:46:46.146+0000] {taskinstance.py:430} INFO - ::endgroup::
[2025-11-23T01:46:46.159+0000] {subprocess.py:63} INFO - Tmp dir root location: /tmp
[2025-11-23T01:46:46.160+0000] {subprocess.py:75} INFO - Running command: ['/usr/bin/bash', '-c', 'dbt deps --project-dir /opt/airflow/dbt_project/ecommerce_dbt --profiles-dir /opt/airflow/dbt_project/ecommerce_dbt']
[2025-11-23T01:46:46.170+0000] {subprocess.py:86} INFO - Output:
[2025-11-23T01:46:47.976+0000] {subprocess.py:93} INFO - Traceback (most recent call last):
[2025-11-23T01:46:47.976+0000] {subprocess.py:93} INFO -   File "/home/airflow/.local/bin/dbt", line 5, in <module>
[2025-11-23T01:46:47.977+0000] {subprocess.py:93} INFO -     from dbt.cli.main import cli
[2025-11-23T01:46:47.977+0000] {subprocess.py:93} INFO -   File "/home/airflow/.local/lib/python3.12/site-packages/dbt/cli/__init__.py", line 1, in <module>
[2025-11-23T01:46:47.978+0000] {subprocess.py:93} INFO -     from .main import cli as dbt_cli  # noqa
[2025-11-23T01:46:47.978+0000] {subprocess.py:93} INFO -     ^^^^^^^^^^^^^^^^^^^^^^^^^^^^^^^^
[2025-11-23T01:46:47.978+0000] {subprocess.py:93} INFO -   File "/home/airflow/.local/lib/python3.12/site-packages/dbt/cli/main.py", line 14, in <module>
[2025-11-23T01:46:47.978+0000] {subprocess.py:93} INFO -     from dbt.cli import params as p
[2025-11-23T01:46:47.979+0000] {subprocess.py:93} INFO -   File "/home/airflow/.local/lib/python3.12/site-packages/dbt/cli/params.py", line 13, in <module>
[2025-11-23T01:46:47.979+0000] {subprocess.py:93} INFO -     from dbt.cli.options import MultiOption
[2025-11-23T01:46:47.980+0000] {subprocess.py:93} INFO -   File "/home/airflow/.local/lib/python3.12/site-packages/dbt/cli/options.py", line 6, in <module>
[2025-11-23T01:46:47.980+0000] {subprocess.py:93} INFO -     from click.parser import _OptionParser, _ParsingState
[2025-11-23T01:46:47.980+0000] {subprocess.py:93} INFO - ImportError: cannot import name '_OptionParser' from 'click.parser' (/home/airflow/.local/lib/python3.12/site-packages/click/parser.py). Did you mean: 'OptionParser'?
[2025-11-23T01:46:48.094+0000] {subprocess.py:97} INFO - Command exited with return code 1
[2025-11-23T01:46:48.095+0000] {taskinstance.py:441} INFO - ::group::Post task execution logs
[2025-11-23T01:46:48.104+0000] {taskinstance.py:2905} ERROR - Task failed with exception
Traceback (most recent call last):
  File "/home/airflow/.local/lib/python3.12/site-packages/airflow/models/taskinstance.py", line 465, in _execute_task
    result = _execute_callable(context=context, **execute_callable_kwargs)
             ^^^^^^^^^^^^^^^^^^^^^^^^^^^^^^^^^^^^^^^^^^^^^^^^^^^^^^^^^^^^^
  File "/home/airflow/.local/lib/python3.12/site-packages/airflow/models/taskinstance.py", line 432, in _execute_callable
    return execute_callable(context=context, **execute_callable_kwargs)
           ^^^^^^^^^^^^^^^^^^^^^^^^^^^^^^^^^^^^^^^^^^^^^^^^^^^^^^^^^^^^
  File "/home/airflow/.local/lib/python3.12/site-packages/airflow/models/baseoperator.py", line 400, in wrapper
    return func(self, *args, **kwargs)
           ^^^^^^^^^^^^^^^^^^^^^^^^^^^
  File "/home/airflow/.local/lib/python3.12/site-packages/airflow/operators/bash.py", line 243, in execute
    raise AirflowException(
airflow.exceptions.AirflowException: Bash command failed. The command returned a non-zero exit code 1.
[2025-11-23T01:46:48.107+0000] {taskinstance.py:1206} INFO - Marking task as FAILED. dag_id=dbt_ecommerce_pipeline, task_id=dbt_deps, run_id=scheduled__2025-11-22T00:00:00+00:00, execution_date=20251122T000000, start_date=20251123T014646, end_date=20251123T014648
[2025-11-23T01:46:48.119+0000] {standard_task_runner.py:110} ERROR - Failed to execute job 7 for task dbt_deps (Bash command failed. The command returned a non-zero exit code 1.; 188)
[2025-11-23T01:46:48.140+0000] {local_task_job_runner.py:240} INFO - Task exited with return code 1
[2025-11-23T01:46:48.154+0000] {taskinstance.py:3498} INFO - 0 downstream tasks scheduled from follow-on schedule check
[2025-11-23T01:46:48.159+0000] {local_task_job_runner.py:222} INFO - ::endgroup::
[2025-11-23T03:50:57.238+0000] {local_task_job_runner.py:120} INFO - ::group::Pre task execution logs
[2025-11-23T03:50:57.255+0000] {taskinstance.py:2076} INFO - Dependencies all met for dep_context=non-requeueable deps ti=<TaskInstance: dbt_ecommerce_pipeline.dbt_deps scheduled__2025-11-22T00:00:00+00:00 [queued]>
[2025-11-23T03:50:57.259+0000] {taskinstance.py:2076} INFO - Dependencies all met for dep_context=requeueable deps ti=<TaskInstance: dbt_ecommerce_pipeline.dbt_deps scheduled__2025-11-22T00:00:00+00:00 [queued]>
[2025-11-23T03:50:57.260+0000] {taskinstance.py:2306} INFO - Starting attempt 2 of 2
[2025-11-23T03:50:57.270+0000] {taskinstance.py:2330} INFO - Executing <Task(BashOperator): dbt_deps> on 2025-11-22 00:00:00+00:00
[2025-11-23T03:50:57.275+0000] {standard_task_runner.py:63} INFO - Started process 289 to run task
[2025-11-23T03:50:57.278+0000] {standard_task_runner.py:90} INFO - Running: ['airflow', 'tasks', 'run', 'dbt_ecommerce_pipeline', 'dbt_deps', 'scheduled__2025-11-22T00:00:00+00:00', '--job-id', '7', '--raw', '--subdir', 'DAGS_FOLDER/dbt_ecommerce_dag.py', '--cfg-path', '/tmp/tmp54sdaog4']
[2025-11-23T03:50:57.280+0000] {standard_task_runner.py:91} INFO - Job 7: Subtask dbt_deps
[2025-11-23T03:50:57.323+0000] {task_command.py:426} INFO - Running <TaskInstance: dbt_ecommerce_pipeline.dbt_deps scheduled__2025-11-22T00:00:00+00:00 [running]> on host b2b38ae24fb4
[2025-11-23T03:50:57.371+0000] {taskinstance.py:2648} INFO - Exporting env vars: AIRFLOW_CTX_DAG_OWNER='airflow' AIRFLOW_CTX_DAG_ID='dbt_ecommerce_pipeline' AIRFLOW_CTX_TASK_ID='dbt_deps' AIRFLOW_CTX_EXECUTION_DATE='2025-11-22T00:00:00+00:00' AIRFLOW_CTX_TRY_NUMBER='2' AIRFLOW_CTX_DAG_RUN_ID='scheduled__2025-11-22T00:00:00+00:00'
[2025-11-23T03:50:57.371+0000] {taskinstance.py:430} INFO - ::endgroup::
[2025-11-23T03:50:57.385+0000] {subprocess.py:63} INFO - Tmp dir root location: /tmp
[2025-11-23T03:50:57.386+0000] {subprocess.py:75} INFO - Running command: ['/usr/bin/bash', '-c', '\n    rm -rf /tmp/dbt_runtime &&     mkdir -p /tmp/dbt_runtime &&     cp -r /opt/airflow/dbt_project /tmp/dbt_runtime/ecommerce_dbt &&     cd /tmp/dbt_runtime/ecommerce_dbt &&     dbt deps       --project-dir /tmp/dbt_runtime/ecommerce_dbt       --profiles-dir /opt/airflow/dbt_project\n    ']
[2025-11-23T03:50:57.395+0000] {subprocess.py:86} INFO - Output:
[2025-11-23T03:50:57.405+0000] {subprocess.py:93} INFO - cp: cannot stat '/opt/airflow/dbt_project': No such file or directory
[2025-11-23T03:50:57.406+0000] {subprocess.py:97} INFO - Command exited with return code 1
[2025-11-23T03:50:57.406+0000] {taskinstance.py:441} INFO - ::group::Post task execution logs
[2025-11-23T03:50:57.411+0000] {taskinstance.py:2905} ERROR - Task failed with exception
Traceback (most recent call last):
  File "/home/airflow/.local/lib/python3.12/site-packages/airflow/models/taskinstance.py", line 465, in _execute_task
    result = _execute_callable(context=context, **execute_callable_kwargs)
             ^^^^^^^^^^^^^^^^^^^^^^^^^^^^^^^^^^^^^^^^^^^^^^^^^^^^^^^^^^^^^
  File "/home/airflow/.local/lib/python3.12/site-packages/airflow/models/taskinstance.py", line 432, in _execute_callable
    return execute_callable(context=context, **execute_callable_kwargs)
           ^^^^^^^^^^^^^^^^^^^^^^^^^^^^^^^^^^^^^^^^^^^^^^^^^^^^^^^^^^^^
  File "/home/airflow/.local/lib/python3.12/site-packages/airflow/models/baseoperator.py", line 400, in wrapper
    return func(self, *args, **kwargs)
           ^^^^^^^^^^^^^^^^^^^^^^^^^^^
  File "/home/airflow/.local/lib/python3.12/site-packages/airflow/operators/bash.py", line 243, in execute
    raise AirflowException(
airflow.exceptions.AirflowException: Bash command failed. The command returned a non-zero exit code 1.
[2025-11-23T03:50:57.415+0000] {taskinstance.py:1206} INFO - Marking task as FAILED. dag_id=dbt_ecommerce_pipeline, task_id=dbt_deps, run_id=scheduled__2025-11-22T00:00:00+00:00, execution_date=20251122T000000, start_date=20251123T035057, end_date=20251123T035057
[2025-11-23T03:50:57.424+0000] {standard_task_runner.py:110} ERROR - Failed to execute job 7 for task dbt_deps (Bash command failed. The command returned a non-zero exit code 1.; 289)
[2025-11-23T03:50:57.451+0000] {local_task_job_runner.py:240} INFO - Task exited with return code 1
[2025-11-23T03:50:57.463+0000] {taskinstance.py:3498} INFO - 0 downstream tasks scheduled from follow-on schedule check
[2025-11-23T03:50:57.471+0000] {local_task_job_runner.py:222} INFO - ::endgroup::
[2025-11-23T04:10:22.072+0000] {local_task_job_runner.py:120} INFO - ::group::Pre task execution logs
[2025-11-23T04:10:22.093+0000] {taskinstance.py:2076} INFO - Dependencies all met for dep_context=non-requeueable deps ti=<TaskInstance: dbt_ecommerce_pipeline.dbt_deps scheduled__2025-11-22T00:00:00+00:00 [queued]>
[2025-11-23T04:10:22.099+0000] {taskinstance.py:2076} INFO - Dependencies all met for dep_context=requeueable deps ti=<TaskInstance: dbt_ecommerce_pipeline.dbt_deps scheduled__2025-11-22T00:00:00+00:00 [queued]>
[2025-11-23T04:10:22.100+0000] {taskinstance.py:2306} INFO - Starting attempt 2 of 2
[2025-11-23T04:10:22.111+0000] {taskinstance.py:2330} INFO - Executing <Task(BashOperator): dbt_deps> on 2025-11-22 00:00:00+00:00
[2025-11-23T04:10:22.117+0000] {standard_task_runner.py:63} INFO - Started process 384 to run task
[2025-11-23T04:10:22.120+0000] {standard_task_runner.py:90} INFO - Running: ['airflow', 'tasks', 'run', 'dbt_ecommerce_pipeline', 'dbt_deps', 'scheduled__2025-11-22T00:00:00+00:00', '--job-id', '12', '--raw', '--subdir', 'DAGS_FOLDER/ecommerce_dbt_pipeline.py', '--cfg-path', '/tmp/tmpn8gz8mm0']
[2025-11-23T04:10:22.122+0000] {standard_task_runner.py:91} INFO - Job 12: Subtask dbt_deps
[2025-11-23T04:10:22.172+0000] {task_command.py:426} INFO - Running <TaskInstance: dbt_ecommerce_pipeline.dbt_deps scheduled__2025-11-22T00:00:00+00:00 [running]> on host 38e90b6fd9d9
[2025-11-23T04:10:22.222+0000] {taskinstance.py:2648} INFO - Exporting env vars: AIRFLOW_CTX_DAG_OWNER='airflow' AIRFLOW_CTX_DAG_ID='dbt_ecommerce_pipeline' AIRFLOW_CTX_TASK_ID='dbt_deps' AIRFLOW_CTX_EXECUTION_DATE='2025-11-22T00:00:00+00:00' AIRFLOW_CTX_TRY_NUMBER='2' AIRFLOW_CTX_DAG_RUN_ID='scheduled__2025-11-22T00:00:00+00:00'
[2025-11-23T04:10:22.223+0000] {taskinstance.py:430} INFO - ::endgroup::
[2025-11-23T04:10:22.236+0000] {subprocess.py:63} INFO - Tmp dir root location: /tmp
[2025-11-23T04:10:22.238+0000] {subprocess.py:75} INFO - Running command: ['/usr/bin/bash', '-c', '\n    rm -rf /tmp/dbt_runtime &&     mkdir -p /tmp/dbt_runtime &&     cp -r /opt/airflow/dbt/ecommerce_dbt /tmp/dbt_runtime/ecommerce_dbt &&     cd /tmp/dbt_runtime/ecommerce_dbt &&     dbt deps       --project-dir /tmp/dbt_runtime/ecommerce_dbt       --profiles-dir /home/airflow/.dbt\n    ']
[2025-11-23T04:10:22.247+0000] {subprocess.py:86} INFO - Output:
[2025-11-23T04:10:25.366+0000] {subprocess.py:93} INFO - Traceback (most recent call last):
[2025-11-23T04:10:25.367+0000] {subprocess.py:93} INFO -   File "/home/airflow/.local/bin/dbt", line 5, in <module>
[2025-11-23T04:10:25.367+0000] {subprocess.py:93} INFO -     from dbt.cli.main import cli
[2025-11-23T04:10:25.367+0000] {subprocess.py:93} INFO -   File "/home/airflow/.local/lib/python3.12/site-packages/dbt/cli/__init__.py", line 1, in <module>
[2025-11-23T04:10:25.368+0000] {subprocess.py:93} INFO -     from .main import cli as dbt_cli  # noqa
[2025-11-23T04:10:25.368+0000] {subprocess.py:93} INFO -     ^^^^^^^^^^^^^^^^^^^^^^^^^^^^^^^^
[2025-11-23T04:10:25.368+0000] {subprocess.py:93} INFO -   File "/home/airflow/.local/lib/python3.12/site-packages/dbt/cli/main.py", line 14, in <module>
[2025-11-23T04:10:25.369+0000] {subprocess.py:93} INFO -     from dbt.cli import params as p
[2025-11-23T04:10:25.369+0000] {subprocess.py:93} INFO -   File "/home/airflow/.local/lib/python3.12/site-packages/dbt/cli/params.py", line 13, in <module>
[2025-11-23T04:10:25.369+0000] {subprocess.py:93} INFO -     from dbt.cli.options import MultiOption
[2025-11-23T04:10:25.370+0000] {subprocess.py:93} INFO -   File "/home/airflow/.local/lib/python3.12/site-packages/dbt/cli/options.py", line 6, in <module>
[2025-11-23T04:10:25.370+0000] {subprocess.py:93} INFO -     from click.parser import _OptionParser, _ParsingState
[2025-11-23T04:10:25.370+0000] {subprocess.py:93} INFO - ImportError: cannot import name '_OptionParser' from 'click.parser' (/home/airflow/.local/lib/python3.12/site-packages/click/parser.py). Did you mean: 'OptionParser'?
[2025-11-23T04:10:25.454+0000] {subprocess.py:97} INFO - Command exited with return code 1
[2025-11-23T04:10:25.454+0000] {taskinstance.py:441} INFO - ::group::Post task execution logs
[2025-11-23T04:10:25.460+0000] {taskinstance.py:2905} ERROR - Task failed with exception
Traceback (most recent call last):
  File "/home/airflow/.local/lib/python3.12/site-packages/airflow/models/taskinstance.py", line 465, in _execute_task
    result = _execute_callable(context=context, **execute_callable_kwargs)
             ^^^^^^^^^^^^^^^^^^^^^^^^^^^^^^^^^^^^^^^^^^^^^^^^^^^^^^^^^^^^^
  File "/home/airflow/.local/lib/python3.12/site-packages/airflow/models/taskinstance.py", line 432, in _execute_callable
    return execute_callable(context=context, **execute_callable_kwargs)
           ^^^^^^^^^^^^^^^^^^^^^^^^^^^^^^^^^^^^^^^^^^^^^^^^^^^^^^^^^^^^
  File "/home/airflow/.local/lib/python3.12/site-packages/airflow/models/baseoperator.py", line 400, in wrapper
    return func(self, *args, **kwargs)
           ^^^^^^^^^^^^^^^^^^^^^^^^^^^
  File "/home/airflow/.local/lib/python3.12/site-packages/airflow/operators/bash.py", line 243, in execute
    raise AirflowException(
airflow.exceptions.AirflowException: Bash command failed. The command returned a non-zero exit code 1.
[2025-11-23T04:10:25.463+0000] {taskinstance.py:1206} INFO - Marking task as FAILED. dag_id=dbt_ecommerce_pipeline, task_id=dbt_deps, run_id=scheduled__2025-11-22T00:00:00+00:00, execution_date=20251122T000000, start_date=20251123T041022, end_date=20251123T041025
[2025-11-23T04:10:25.474+0000] {standard_task_runner.py:110} ERROR - Failed to execute job 12 for task dbt_deps (Bash command failed. The command returned a non-zero exit code 1.; 384)
[2025-11-23T04:10:25.499+0000] {local_task_job_runner.py:240} INFO - Task exited with return code 1
[2025-11-23T04:10:25.514+0000] {taskinstance.py:3498} INFO - 0 downstream tasks scheduled from follow-on schedule check
[2025-11-23T04:10:25.519+0000] {local_task_job_runner.py:222} INFO - ::endgroup::
