[2025-11-23T15:52:18.405+0000] {taskinstance.py:1979} INFO - Dependencies all met for dep_context=non-requeueable deps ti=<TaskInstance: dbt_ecommerce_pipeline.dbt_run_silver scheduled__2025-11-23T15:45:00+00:00 [queued]>
[2025-11-23T15:52:18.409+0000] {taskinstance.py:1979} INFO - Dependencies all met for dep_context=requeueable deps ti=<TaskInstance: dbt_ecommerce_pipeline.dbt_run_silver scheduled__2025-11-23T15:45:00+00:00 [queued]>
[2025-11-23T15:52:18.410+0000] {taskinstance.py:2193} INFO - Starting attempt 2 of 3
[2025-11-23T15:52:18.419+0000] {taskinstance.py:2217} INFO - Executing <Task(BashOperator): dbt_run_silver> on 2025-11-23 15:45:00+00:00
[2025-11-23T15:52:18.425+0000] {standard_task_runner.py:60} INFO - Started process 576 to run task
[2025-11-23T15:52:18.429+0000] {standard_task_runner.py:87} INFO - Running: ['airflow', 'tasks', 'run', 'dbt_ecommerce_pipeline', 'dbt_run_silver', 'scheduled__2025-11-23T15:45:00+00:00', '--job-id', '72', '--raw', '--subdir', 'DAGS_FOLDER/dbt_ecommerce_pipeline.py', '--cfg-path', '/tmp/tmpxf4y08nu']
[2025-11-23T15:52:18.432+0000] {standard_task_runner.py:88} INFO - Job 72: Subtask dbt_run_silver
[2025-11-23T15:52:18.480+0000] {task_command.py:423} INFO - Running <TaskInstance: dbt_ecommerce_pipeline.dbt_run_silver scheduled__2025-11-23T15:45:00+00:00 [running]> on host 7244b0bf02d5
[2025-11-23T15:52:18.522+0000] {taskinstance.py:2513} INFO - Exporting env vars: AIRFLOW_CTX_DAG_EMAIL='luccanegrini@outlook.com.br' AIRFLOW_CTX_DAG_OWNER='airflow' AIRFLOW_CTX_DAG_ID='dbt_ecommerce_pipeline' AIRFLOW_CTX_TASK_ID='dbt_run_silver' AIRFLOW_CTX_EXECUTION_DATE='2025-11-23T15:45:00+00:00' AIRFLOW_CTX_TRY_NUMBER='2' AIRFLOW_CTX_DAG_RUN_ID='scheduled__2025-11-23T15:45:00+00:00'
[2025-11-23T15:52:18.524+0000] {subprocess.py:63} INFO - Tmp dir root location: /tmp
[2025-11-23T15:52:18.525+0000] {subprocess.py:75} INFO - Running command: ['/usr/bin/bash', '-c', '\n    rm -rf /tmp/dbt_runtime &&     mkdir -p /tmp/dbt_runtime &&     cp -r /opt/airflow/dbt/ecommerce_dbt /tmp/dbt_runtime/ecommerce_dbt &&     cd /tmp/dbt_runtime/ecommerce_dbt &&     dbt run --select tag:silver       --project-dir /tmp/dbt_runtime/ecommerce_dbt       --profiles-dir /home/airflow/.dbt\n    ']
[2025-11-23T15:52:18.537+0000] {subprocess.py:86} INFO - Output:
[2025-11-23T15:52:22.260+0000] {subprocess.py:93} INFO - [0m15:52:22  Running with dbt=1.7.19
[2025-11-23T15:52:22.263+0000] {subprocess.py:93} INFO - [0m15:52:22  Encountered an error:
[2025-11-23T15:52:22.263+0000] {subprocess.py:93} INFO - Runtime Error
[2025-11-23T15:52:22.263+0000] {subprocess.py:93} INFO -   Could not find profile named 'ecommerce_dbt'
[2025-11-23T15:52:22.992+0000] {subprocess.py:97} INFO - Command exited with return code 2
[2025-11-23T15:52:22.999+0000] {taskinstance.py:2731} ERROR - Task failed with exception
Traceback (most recent call last):
  File "/home/airflow/.local/lib/python3.11/site-packages/airflow/models/taskinstance.py", line 444, in _execute_task
    result = _execute_callable(context=context, **execute_callable_kwargs)
             ^^^^^^^^^^^^^^^^^^^^^^^^^^^^^^^^^^^^^^^^^^^^^^^^^^^^^^^^^^^^^
  File "/home/airflow/.local/lib/python3.11/site-packages/airflow/models/taskinstance.py", line 414, in _execute_callable
    return execute_callable(context=context, **execute_callable_kwargs)
           ^^^^^^^^^^^^^^^^^^^^^^^^^^^^^^^^^^^^^^^^^^^^^^^^^^^^^^^^^^^^
  File "/home/airflow/.local/lib/python3.11/site-packages/airflow/operators/bash.py", line 212, in execute
    raise AirflowException(
airflow.exceptions.AirflowException: Bash command failed. The command returned a non-zero exit code 2.
[2025-11-23T15:52:23.002+0000] {taskinstance.py:1149} INFO - Marking task as UP_FOR_RETRY. dag_id=dbt_ecommerce_pipeline, task_id=dbt_run_silver, execution_date=20251123T154500, start_date=20251123T155218, end_date=20251123T155223
[2025-11-23T15:52:23.084+0000] {standard_task_runner.py:107} ERROR - Failed to execute job 72 for task dbt_run_silver (Bash command failed. The command returned a non-zero exit code 2.; 576)
[2025-11-23T15:52:23.134+0000] {local_task_job_runner.py:234} INFO - Task exited with return code 1
[2025-11-23T15:52:23.143+0000] {logging_mixin.py:188} WARNING - /home/airflow/.local/lib/python3.11/site-packages/airflow/models/baseoperator.py:1201 AirflowProviderDeprecationWarning: Call to deprecated class SnowflakeOperator. (This class is deprecated. Please use `airflow.providers.common.sql.operators.sql.SQLExecuteQueryOperator`. Also, you can provide `hook_params={'warehouse': <warehouse>, 'database': <database>, 'role': <role>, 'schema': <schema>, 'authenticator': <authenticator>,'session_parameters': <session_parameters>}`.)
[2025-11-23T15:52:23.151+0000] {taskinstance.py:3312} INFO - 0 downstream tasks scheduled from follow-on schedule check
