[2025-11-23T15:45:10.643+0000] {taskinstance.py:1979} INFO - Dependencies all met for dep_context=non-requeueable deps ti=<TaskInstance: dbt_ecommerce_pipeline.dbt_run_silver scheduled__2025-11-23T15:40:00+00:00 [queued]>
[2025-11-23T15:45:10.647+0000] {taskinstance.py:1979} INFO - Dependencies all met for dep_context=requeueable deps ti=<TaskInstance: dbt_ecommerce_pipeline.dbt_run_silver scheduled__2025-11-23T15:40:00+00:00 [queued]>
[2025-11-23T15:45:10.648+0000] {taskinstance.py:2193} INFO - Starting attempt 1 of 3
[2025-11-23T15:45:10.657+0000] {taskinstance.py:2217} INFO - Executing <Task(BashOperator): dbt_run_silver> on 2025-11-23 15:40:00+00:00
[2025-11-23T15:45:10.663+0000] {standard_task_runner.py:60} INFO - Started process 334 to run task
[2025-11-23T15:45:10.666+0000] {standard_task_runner.py:87} INFO - Running: ['airflow', 'tasks', 'run', 'dbt_ecommerce_pipeline', 'dbt_run_silver', 'scheduled__2025-11-23T15:40:00+00:00', '--job-id', '62', '--raw', '--subdir', 'DAGS_FOLDER/dbt_ecommerce_pipeline.py', '--cfg-path', '/tmp/tmp59rjycu0']
[2025-11-23T15:45:10.668+0000] {standard_task_runner.py:88} INFO - Job 62: Subtask dbt_run_silver
[2025-11-23T15:45:10.714+0000] {task_command.py:423} INFO - Running <TaskInstance: dbt_ecommerce_pipeline.dbt_run_silver scheduled__2025-11-23T15:40:00+00:00 [running]> on host 7244b0bf02d5
[2025-11-23T15:45:10.757+0000] {taskinstance.py:2513} INFO - Exporting env vars: AIRFLOW_CTX_DAG_EMAIL='luccanegrini@outlook.com.br' AIRFLOW_CTX_DAG_OWNER='airflow' AIRFLOW_CTX_DAG_ID='dbt_ecommerce_pipeline' AIRFLOW_CTX_TASK_ID='dbt_run_silver' AIRFLOW_CTX_EXECUTION_DATE='2025-11-23T15:40:00+00:00' AIRFLOW_CTX_TRY_NUMBER='1' AIRFLOW_CTX_DAG_RUN_ID='scheduled__2025-11-23T15:40:00+00:00'
[2025-11-23T15:45:10.759+0000] {subprocess.py:63} INFO - Tmp dir root location: /tmp
[2025-11-23T15:45:10.760+0000] {subprocess.py:75} INFO - Running command: ['/usr/bin/bash', '-c', '\n    rm -rf /tmp/dbt_runtime &&     mkdir -p /tmp/dbt_runtime &&     cp -r /opt/airflow/dbt/ecommerce_dbt /tmp/dbt_runtime/ecommerce_dbt &&     cd /tmp/dbt_runtime/ecommerce_dbt &&     dbt run --select tag:silver       --project-dir /tmp/dbt_runtime/ecommerce_dbt       --profiles-dir /home/airflow/.dbt\n    ']
[2025-11-23T15:45:10.772+0000] {subprocess.py:86} INFO - Output:
[2025-11-23T15:45:14.384+0000] {subprocess.py:93} INFO - [0m15:45:14  Running with dbt=1.7.19
[2025-11-23T15:45:14.387+0000] {subprocess.py:93} INFO - [0m15:45:14  Encountered an error:
[2025-11-23T15:45:14.387+0000] {subprocess.py:93} INFO - Runtime Error
[2025-11-23T15:45:14.387+0000] {subprocess.py:93} INFO -   Could not find profile named 'ecommerce_dbt'
[2025-11-23T15:45:15.083+0000] {subprocess.py:97} INFO - Command exited with return code 2
[2025-11-23T15:45:15.090+0000] {taskinstance.py:2731} ERROR - Task failed with exception
Traceback (most recent call last):
  File "/home/airflow/.local/lib/python3.11/site-packages/airflow/models/taskinstance.py", line 444, in _execute_task
    result = _execute_callable(context=context, **execute_callable_kwargs)
             ^^^^^^^^^^^^^^^^^^^^^^^^^^^^^^^^^^^^^^^^^^^^^^^^^^^^^^^^^^^^^
  File "/home/airflow/.local/lib/python3.11/site-packages/airflow/models/taskinstance.py", line 414, in _execute_callable
    return execute_callable(context=context, **execute_callable_kwargs)
           ^^^^^^^^^^^^^^^^^^^^^^^^^^^^^^^^^^^^^^^^^^^^^^^^^^^^^^^^^^^^
  File "/home/airflow/.local/lib/python3.11/site-packages/airflow/operators/bash.py", line 212, in execute
    raise AirflowException(
airflow.exceptions.AirflowException: Bash command failed. The command returned a non-zero exit code 2.
[2025-11-23T15:45:15.092+0000] {taskinstance.py:1149} INFO - Marking task as UP_FOR_RETRY. dag_id=dbt_ecommerce_pipeline, task_id=dbt_run_silver, execution_date=20251123T154000, start_date=20251123T154510, end_date=20251123T154515
[2025-11-23T15:45:15.103+0000] {standard_task_runner.py:107} ERROR - Failed to execute job 62 for task dbt_run_silver (Bash command failed. The command returned a non-zero exit code 2.; 334)
[2025-11-23T15:45:15.129+0000] {local_task_job_runner.py:234} INFO - Task exited with return code 1
[2025-11-23T15:45:15.139+0000] {logging_mixin.py:188} WARNING - /home/airflow/.local/lib/python3.11/site-packages/airflow/models/baseoperator.py:1201 AirflowProviderDeprecationWarning: Call to deprecated class SnowflakeOperator. (This class is deprecated. Please use `airflow.providers.common.sql.operators.sql.SQLExecuteQueryOperator`. Also, you can provide `hook_params={'warehouse': <warehouse>, 'database': <database>, 'role': <role>, 'schema': <schema>, 'authenticator': <authenticator>,'session_parameters': <session_parameters>}`.)
[2025-11-23T15:45:15.146+0000] {taskinstance.py:3312} INFO - 0 downstream tasks scheduled from follow-on schedule check
