[2025-11-23T04:02:39.177+0000] {local_task_job_runner.py:120} INFO - ::group::Pre task execution logs
[2025-11-23T04:02:39.195+0000] {taskinstance.py:2076} INFO - Dependencies all met for dep_context=non-requeueable deps ti=<TaskInstance: dbt_ecommerce_pipeline.dbt_deps manual__2025-11-23T04:02:27.697379+00:00 [queued]>
[2025-11-23T04:02:39.200+0000] {taskinstance.py:2076} INFO - Dependencies all met for dep_context=requeueable deps ti=<TaskInstance: dbt_ecommerce_pipeline.dbt_deps manual__2025-11-23T04:02:27.697379+00:00 [queued]>
[2025-11-23T04:02:39.225+0000] {taskinstance.py:2306} INFO - Starting attempt 1 of 2
[2025-11-23T04:02:39.411+0000] {taskinstance.py:2330} INFO - Executing <Task(BashOperator): dbt_deps> on 2025-11-23 04:02:27.697379+00:00
[2025-11-23T04:02:39.416+0000] {standard_task_runner.py:63} INFO - Started process 180 to run task
[2025-11-23T04:02:39.420+0000] {standard_task_runner.py:90} INFO - Running: ['airflow', 'tasks', 'run', 'dbt_ecommerce_pipeline', 'dbt_deps', 'manual__2025-11-23T04:02:27.697379+00:00', '--job-id', '4', '--raw', '--subdir', 'DAGS_FOLDER/ecommerce_dbt_pipeline.py', '--cfg-path', '/tmp/tmp9mgu7n0g']
[2025-11-23T04:02:39.421+0000] {standard_task_runner.py:91} INFO - Job 4: Subtask dbt_deps
[2025-11-23T04:02:39.629+0000] {task_command.py:426} INFO - Running <TaskInstance: dbt_ecommerce_pipeline.dbt_deps manual__2025-11-23T04:02:27.697379+00:00 [running]> on host dfc4bda6c45c
[2025-11-23T04:02:40.007+0000] {taskinstance.py:2648} INFO - Exporting env vars: AIRFLOW_CTX_DAG_OWNER='airflow' AIRFLOW_CTX_DAG_ID='dbt_ecommerce_pipeline' AIRFLOW_CTX_TASK_ID='dbt_deps' AIRFLOW_CTX_EXECUTION_DATE='2025-11-23T04:02:27.697379+00:00' AIRFLOW_CTX_TRY_NUMBER='1' AIRFLOW_CTX_DAG_RUN_ID='manual__2025-11-23T04:02:27.697379+00:00'
[2025-11-23T04:02:40.007+0000] {taskinstance.py:430} INFO - ::endgroup::
[2025-11-23T04:02:40.022+0000] {subprocess.py:63} INFO - Tmp dir root location: /tmp
[2025-11-23T04:02:40.023+0000] {subprocess.py:75} INFO - Running command: ['/usr/bin/bash', '-c', '\n    rm -rf /tmp/dbt_runtime &&     mkdir -p /tmp/dbt_runtime &&     cp -r /opt/airflow/dbt/ecommerce_dbt /tmp/dbt_runtime/ecommerce_dbt &&     cd /tmp/dbt_runtime/ecommerce_dbt &&     dbt deps       --project-dir /tmp/dbt_runtime/ecommerce_dbt       --profiles-dir /home/airflow/.dbt\n    ']
[2025-11-23T04:02:40.033+0000] {subprocess.py:86} INFO - Output:
[2025-11-23T04:02:43.235+0000] {subprocess.py:93} INFO - Traceback (most recent call last):
[2025-11-23T04:02:43.236+0000] {subprocess.py:93} INFO -   File "/home/airflow/.local/bin/dbt", line 5, in <module>
[2025-11-23T04:02:43.236+0000] {subprocess.py:93} INFO -     from dbt.cli.main import cli
[2025-11-23T04:02:43.236+0000] {subprocess.py:93} INFO -   File "/home/airflow/.local/lib/python3.12/site-packages/dbt/cli/__init__.py", line 1, in <module>
[2025-11-23T04:02:43.237+0000] {subprocess.py:93} INFO -     from .main import cli as dbt_cli  # noqa
[2025-11-23T04:02:43.237+0000] {subprocess.py:93} INFO -     ^^^^^^^^^^^^^^^^^^^^^^^^^^^^^^^^
[2025-11-23T04:02:43.237+0000] {subprocess.py:93} INFO -   File "/home/airflow/.local/lib/python3.12/site-packages/dbt/cli/main.py", line 14, in <module>
[2025-11-23T04:02:43.238+0000] {subprocess.py:93} INFO -     from dbt.cli import params as p
[2025-11-23T04:02:43.238+0000] {subprocess.py:93} INFO -   File "/home/airflow/.local/lib/python3.12/site-packages/dbt/cli/params.py", line 13, in <module>
[2025-11-23T04:02:43.238+0000] {subprocess.py:93} INFO -     from dbt.cli.options import MultiOption
[2025-11-23T04:02:43.238+0000] {subprocess.py:93} INFO -   File "/home/airflow/.local/lib/python3.12/site-packages/dbt/cli/options.py", line 6, in <module>
[2025-11-23T04:02:43.239+0000] {subprocess.py:93} INFO -     from click.parser import _OptionParser, _ParsingState
[2025-11-23T04:02:43.239+0000] {subprocess.py:93} INFO - ImportError: cannot import name '_OptionParser' from 'click.parser' (/home/airflow/.local/lib/python3.12/site-packages/click/parser.py). Did you mean: 'OptionParser'?
[2025-11-23T04:02:43.323+0000] {subprocess.py:97} INFO - Command exited with return code 1
[2025-11-23T04:02:43.324+0000] {taskinstance.py:441} INFO - ::group::Post task execution logs
[2025-11-23T04:02:43.330+0000] {taskinstance.py:2905} ERROR - Task failed with exception
Traceback (most recent call last):
  File "/home/airflow/.local/lib/python3.12/site-packages/airflow/models/taskinstance.py", line 465, in _execute_task
    result = _execute_callable(context=context, **execute_callable_kwargs)
             ^^^^^^^^^^^^^^^^^^^^^^^^^^^^^^^^^^^^^^^^^^^^^^^^^^^^^^^^^^^^^
  File "/home/airflow/.local/lib/python3.12/site-packages/airflow/models/taskinstance.py", line 432, in _execute_callable
    return execute_callable(context=context, **execute_callable_kwargs)
           ^^^^^^^^^^^^^^^^^^^^^^^^^^^^^^^^^^^^^^^^^^^^^^^^^^^^^^^^^^^^
  File "/home/airflow/.local/lib/python3.12/site-packages/airflow/models/baseoperator.py", line 400, in wrapper
    return func(self, *args, **kwargs)
           ^^^^^^^^^^^^^^^^^^^^^^^^^^^
  File "/home/airflow/.local/lib/python3.12/site-packages/airflow/operators/bash.py", line 243, in execute
    raise AirflowException(
airflow.exceptions.AirflowException: Bash command failed. The command returned a non-zero exit code 1.
[2025-11-23T04:02:43.333+0000] {taskinstance.py:1206} INFO - Marking task as UP_FOR_RETRY. dag_id=dbt_ecommerce_pipeline, task_id=dbt_deps, run_id=manual__2025-11-23T04:02:27.697379+00:00, execution_date=20251123T040227, start_date=20251123T040239, end_date=20251123T040243
[2025-11-23T04:02:43.343+0000] {standard_task_runner.py:110} ERROR - Failed to execute job 4 for task dbt_deps (Bash command failed. The command returned a non-zero exit code 1.; 180)
[2025-11-23T04:02:43.361+0000] {local_task_job_runner.py:240} INFO - Task exited with return code 1
[2025-11-23T04:02:43.375+0000] {taskinstance.py:3498} INFO - 0 downstream tasks scheduled from follow-on schedule check
[2025-11-23T04:02:43.375+0000] {local_task_job_runner.py:222} INFO - ::endgroup::
