[2025-11-23T03:48:59.086+0000] {local_task_job_runner.py:120} INFO - ::group::Pre task execution logs
[2025-11-23T03:48:59.103+0000] {taskinstance.py:2076} INFO - Dependencies all met for dep_context=non-requeueable deps ti=<TaskInstance: dbt_ecommerce_pipeline.dbt_deps manual__2025-11-23T03:48:55.087832+00:00 [queued]>
[2025-11-23T03:48:59.108+0000] {taskinstance.py:2076} INFO - Dependencies all met for dep_context=requeueable deps ti=<TaskInstance: dbt_ecommerce_pipeline.dbt_deps manual__2025-11-23T03:48:55.087832+00:00 [queued]>
[2025-11-23T03:48:59.108+0000] {taskinstance.py:2306} INFO - Starting attempt 1 of 2
[2025-11-23T03:48:59.118+0000] {taskinstance.py:2330} INFO - Executing <Task(BashOperator): dbt_deps> on 2025-11-23 03:48:55.087832+00:00
[2025-11-23T03:48:59.123+0000] {standard_task_runner.py:63} INFO - Started process 258 to run task
[2025-11-23T03:48:59.126+0000] {standard_task_runner.py:90} INFO - Running: ['airflow', 'tasks', 'run', 'dbt_ecommerce_pipeline', 'dbt_deps', 'manual__2025-11-23T03:48:55.087832+00:00', '--job-id', '6', '--raw', '--subdir', 'DAGS_FOLDER/dbt_ecommerce_dag.py', '--cfg-path', '/tmp/tmpyvc1enl0']
[2025-11-23T03:48:59.128+0000] {standard_task_runner.py:91} INFO - Job 6: Subtask dbt_deps
[2025-11-23T03:48:59.174+0000] {task_command.py:426} INFO - Running <TaskInstance: dbt_ecommerce_pipeline.dbt_deps manual__2025-11-23T03:48:55.087832+00:00 [running]> on host b2b38ae24fb4
[2025-11-23T03:48:59.229+0000] {taskinstance.py:2648} INFO - Exporting env vars: AIRFLOW_CTX_DAG_OWNER='airflow' AIRFLOW_CTX_DAG_ID='dbt_ecommerce_pipeline' AIRFLOW_CTX_TASK_ID='dbt_deps' AIRFLOW_CTX_EXECUTION_DATE='2025-11-23T03:48:55.087832+00:00' AIRFLOW_CTX_TRY_NUMBER='1' AIRFLOW_CTX_DAG_RUN_ID='manual__2025-11-23T03:48:55.087832+00:00'
[2025-11-23T03:48:59.230+0000] {taskinstance.py:430} INFO - ::endgroup::
[2025-11-23T03:48:59.244+0000] {subprocess.py:63} INFO - Tmp dir root location: /tmp
[2025-11-23T03:48:59.245+0000] {subprocess.py:75} INFO - Running command: ['/usr/bin/bash', '-c', '\n    rm -rf /tmp/dbt_runtime &&     mkdir -p /tmp/dbt_runtime &&     cp -r /opt/airflow/dbt_project /tmp/dbt_runtime/ecommerce_dbt &&     cd /tmp/dbt_runtime/ecommerce_dbt &&     dbt deps       --project-dir /tmp/dbt_runtime/ecommerce_dbt       --profiles-dir /opt/airflow/dbt_project\n    ']
[2025-11-23T03:48:59.254+0000] {subprocess.py:86} INFO - Output:
[2025-11-23T03:48:59.264+0000] {subprocess.py:93} INFO - cp: cannot stat '/opt/airflow/dbt_project': No such file or directory
[2025-11-23T03:48:59.265+0000] {subprocess.py:97} INFO - Command exited with return code 1
[2025-11-23T03:48:59.266+0000] {taskinstance.py:441} INFO - ::group::Post task execution logs
[2025-11-23T03:48:59.271+0000] {taskinstance.py:2905} ERROR - Task failed with exception
Traceback (most recent call last):
  File "/home/airflow/.local/lib/python3.12/site-packages/airflow/models/taskinstance.py", line 465, in _execute_task
    result = _execute_callable(context=context, **execute_callable_kwargs)
             ^^^^^^^^^^^^^^^^^^^^^^^^^^^^^^^^^^^^^^^^^^^^^^^^^^^^^^^^^^^^^
  File "/home/airflow/.local/lib/python3.12/site-packages/airflow/models/taskinstance.py", line 432, in _execute_callable
    return execute_callable(context=context, **execute_callable_kwargs)
           ^^^^^^^^^^^^^^^^^^^^^^^^^^^^^^^^^^^^^^^^^^^^^^^^^^^^^^^^^^^^
  File "/home/airflow/.local/lib/python3.12/site-packages/airflow/models/baseoperator.py", line 400, in wrapper
    return func(self, *args, **kwargs)
           ^^^^^^^^^^^^^^^^^^^^^^^^^^^
  File "/home/airflow/.local/lib/python3.12/site-packages/airflow/operators/bash.py", line 243, in execute
    raise AirflowException(
airflow.exceptions.AirflowException: Bash command failed. The command returned a non-zero exit code 1.
[2025-11-23T03:48:59.275+0000] {taskinstance.py:1206} INFO - Marking task as UP_FOR_RETRY. dag_id=dbt_ecommerce_pipeline, task_id=dbt_deps, run_id=manual__2025-11-23T03:48:55.087832+00:00, execution_date=20251123T034855, start_date=20251123T034859, end_date=20251123T034859
[2025-11-23T03:48:59.284+0000] {standard_task_runner.py:110} ERROR - Failed to execute job 6 for task dbt_deps (Bash command failed. The command returned a non-zero exit code 1.; 258)
[2025-11-23T03:48:59.299+0000] {local_task_job_runner.py:240} INFO - Task exited with return code 1
[2025-11-23T03:48:59.312+0000] {taskinstance.py:3498} INFO - 0 downstream tasks scheduled from follow-on schedule check
[2025-11-23T03:48:59.312+0000] {local_task_job_runner.py:222} INFO - ::endgroup::
