[2025-11-23T03:54:05.684+0000] {local_task_job_runner.py:120} INFO - ::group::Pre task execution logs
[2025-11-23T03:54:05.703+0000] {taskinstance.py:2076} INFO - Dependencies all met for dep_context=non-requeueable deps ti=<TaskInstance: dbt_ecommerce_pipeline.dbt_deps manual__2025-11-23T03:48:55.087832+00:00 [queued]>
[2025-11-23T03:54:05.707+0000] {taskinstance.py:2076} INFO - Dependencies all met for dep_context=requeueable deps ti=<TaskInstance: dbt_ecommerce_pipeline.dbt_deps manual__2025-11-23T03:48:55.087832+00:00 [queued]>
[2025-11-23T03:54:05.708+0000] {taskinstance.py:2306} INFO - Starting attempt 2 of 2
[2025-11-23T03:54:05.718+0000] {taskinstance.py:2330} INFO - Executing <Task(BashOperator): dbt_deps> on 2025-11-23 03:48:55.087832+00:00
[2025-11-23T03:54:05.723+0000] {standard_task_runner.py:63} INFO - Started process 134 to run task
[2025-11-23T03:54:05.726+0000] {standard_task_runner.py:90} INFO - Running: ['airflow', 'tasks', 'run', 'dbt_ecommerce_pipeline', 'dbt_deps', 'manual__2025-11-23T03:48:55.087832+00:00', '--job-id', '11', '--raw', '--subdir', 'DAGS_FOLDER/ecommerce_dbt_pipeline.py', '--cfg-path', '/tmp/tmphio03tmy']
[2025-11-23T03:54:05.728+0000] {standard_task_runner.py:91} INFO - Job 11: Subtask dbt_deps
[2025-11-23T03:54:05.770+0000] {task_command.py:426} INFO - Running <TaskInstance: dbt_ecommerce_pipeline.dbt_deps manual__2025-11-23T03:48:55.087832+00:00 [running]> on host b2b38ae24fb4
[2025-11-23T03:54:05.825+0000] {taskinstance.py:2648} INFO - Exporting env vars: AIRFLOW_CTX_DAG_OWNER='airflow' AIRFLOW_CTX_DAG_ID='dbt_ecommerce_pipeline' AIRFLOW_CTX_TASK_ID='dbt_deps' AIRFLOW_CTX_EXECUTION_DATE='2025-11-23T03:48:55.087832+00:00' AIRFLOW_CTX_TRY_NUMBER='2' AIRFLOW_CTX_DAG_RUN_ID='manual__2025-11-23T03:48:55.087832+00:00'
[2025-11-23T03:54:05.826+0000] {taskinstance.py:430} INFO - ::endgroup::
[2025-11-23T03:54:05.839+0000] {subprocess.py:63} INFO - Tmp dir root location: /tmp
[2025-11-23T03:54:05.840+0000] {subprocess.py:75} INFO - Running command: ['/usr/bin/bash', '-c', '\n    rm -rf /tmp/dbt_runtime &&     mkdir -p /tmp/dbt_runtime &&     cp -r /opt/airflow/dbt/ecommerce_dbt /tmp/dbt_runtime/ecommerce_dbt &&     cd /tmp/dbt_runtime/ecommerce_dbt &&     dbt deps       --project-dir /tmp/dbt_runtime/ecommerce_dbt       --profiles-dir /home/airflow/.dbt\n    ']
[2025-11-23T03:54:05.849+0000] {subprocess.py:86} INFO - Output:
[2025-11-23T03:54:09.115+0000] {subprocess.py:93} INFO - Traceback (most recent call last):
[2025-11-23T03:54:09.115+0000] {subprocess.py:93} INFO -   File "/home/airflow/.local/bin/dbt", line 5, in <module>
[2025-11-23T03:54:09.116+0000] {subprocess.py:93} INFO -     from dbt.cli.main import cli
[2025-11-23T03:54:09.116+0000] {subprocess.py:93} INFO -   File "/home/airflow/.local/lib/python3.12/site-packages/dbt/cli/__init__.py", line 1, in <module>
[2025-11-23T03:54:09.116+0000] {subprocess.py:93} INFO -     from .main import cli as dbt_cli  # noqa
[2025-11-23T03:54:09.117+0000] {subprocess.py:93} INFO -     ^^^^^^^^^^^^^^^^^^^^^^^^^^^^^^^^
[2025-11-23T03:54:09.117+0000] {subprocess.py:93} INFO -   File "/home/airflow/.local/lib/python3.12/site-packages/dbt/cli/main.py", line 14, in <module>
[2025-11-23T03:54:09.117+0000] {subprocess.py:93} INFO -     from dbt.cli import params as p
[2025-11-23T03:54:09.118+0000] {subprocess.py:93} INFO -   File "/home/airflow/.local/lib/python3.12/site-packages/dbt/cli/params.py", line 13, in <module>
[2025-11-23T03:54:09.118+0000] {subprocess.py:93} INFO -     from dbt.cli.options import MultiOption
[2025-11-23T03:54:09.118+0000] {subprocess.py:93} INFO -   File "/home/airflow/.local/lib/python3.12/site-packages/dbt/cli/options.py", line 6, in <module>
[2025-11-23T03:54:09.119+0000] {subprocess.py:93} INFO -     from click.parser import _OptionParser, _ParsingState
[2025-11-23T03:54:09.119+0000] {subprocess.py:93} INFO - ImportError: cannot import name '_OptionParser' from 'click.parser' (/home/airflow/.local/lib/python3.12/site-packages/click/parser.py). Did you mean: 'OptionParser'?
[2025-11-23T03:54:09.211+0000] {subprocess.py:97} INFO - Command exited with return code 1
[2025-11-23T03:54:09.212+0000] {taskinstance.py:441} INFO - ::group::Post task execution logs
[2025-11-23T03:54:09.218+0000] {taskinstance.py:2905} ERROR - Task failed with exception
Traceback (most recent call last):
  File "/home/airflow/.local/lib/python3.12/site-packages/airflow/models/taskinstance.py", line 465, in _execute_task
    result = _execute_callable(context=context, **execute_callable_kwargs)
             ^^^^^^^^^^^^^^^^^^^^^^^^^^^^^^^^^^^^^^^^^^^^^^^^^^^^^^^^^^^^^
  File "/home/airflow/.local/lib/python3.12/site-packages/airflow/models/taskinstance.py", line 432, in _execute_callable
    return execute_callable(context=context, **execute_callable_kwargs)
           ^^^^^^^^^^^^^^^^^^^^^^^^^^^^^^^^^^^^^^^^^^^^^^^^^^^^^^^^^^^^
  File "/home/airflow/.local/lib/python3.12/site-packages/airflow/models/baseoperator.py", line 400, in wrapper
    return func(self, *args, **kwargs)
           ^^^^^^^^^^^^^^^^^^^^^^^^^^^
  File "/home/airflow/.local/lib/python3.12/site-packages/airflow/operators/bash.py", line 243, in execute
    raise AirflowException(
airflow.exceptions.AirflowException: Bash command failed. The command returned a non-zero exit code 1.
[2025-11-23T03:54:09.221+0000] {taskinstance.py:1206} INFO - Marking task as FAILED. dag_id=dbt_ecommerce_pipeline, task_id=dbt_deps, run_id=manual__2025-11-23T03:48:55.087832+00:00, execution_date=20251123T034855, start_date=20251123T035405, end_date=20251123T035409
[2025-11-23T03:54:09.231+0000] {standard_task_runner.py:110} ERROR - Failed to execute job 11 for task dbt_deps (Bash command failed. The command returned a non-zero exit code 1.; 134)
[2025-11-23T03:54:09.267+0000] {local_task_job_runner.py:240} INFO - Task exited with return code 1
[2025-11-23T03:54:09.281+0000] {taskinstance.py:3498} INFO - 0 downstream tasks scheduled from follow-on schedule check
[2025-11-23T03:54:09.287+0000] {local_task_job_runner.py:222} INFO - ::endgroup::
